<?xml version="1.0" encoding="UTF-8"?>
<testsuite xmlns:xsi="http://www.w3.org/2001/XMLSchema-instance" xsi:noNamespaceSchemaLocation="https://maven.apache.org/surefire/maven-surefire-plugin/xsd/surefire-test-report.xsd" name="com.lkmotion.yesincar.VehicleMapTest" time="3.821" tests="1" errors="1" skipped="0" failures="0">
  <properties>
[...]
</properties>
  <testcase name="uploadCar" classname="com.lkmotion.yesincar.VehicleMapTest" time="0.118">
    <error type="java.lang.NullPointerException">java.lang.NullPointerException
	at com.lkmotion.yesincar.VehicleMapTest.uploadCar(VehicleMapTest.java:26)
</error>
    <system-out><![CDATA[
  .   ____          _            __ _ _
 /\\ / ___'_ __ _ _(_)_ __  __ _ \ \ \ \
( ( )\___ | '_ | '_| | '_ \/ _` | \ \ \ \
 \\/  ___)| |_)| | | | | || (_| |  ) ) ) )
  '  |____| .__|_| |_|_| |_\__, | / / / /
 =========|_|==============|___/=/_/_/_/
 :: Spring Boot ::        (v2.0.4.RELEASE)

2018-08-31 11:27:25,159 | &amp#27;[34mINFO &amp#27;[0;39m | &amp#27;[1;33mmain&amp#27;[0;39m | &amp#27;[1;32mcom.lkmotion.yesincar.VehicleMapTest&amp#27;[0;39m | (Jdk14Logger.java:99)- Starting VehicleMapTest on DESKTOP-IV77ACH with PID 13768 (started by lizha in D:\wkide\yesincar-java-server\yesincar\map-service)
2018-08-31 11:27:25,161 | &amp#27;[34mINFO &amp#27;[0;39m | &amp#27;[1;33mmain&amp#27;[0;39m | &amp#27;[1;32mcom.lkmotion.yesincar.VehicleMapTest&amp#27;[0;39m | (Jdk14Logger.java:99)- No active profile set, falling back to default profiles: default
2018-08-31 11:27:25,177 | &amp#27;[34mINFO &amp#27;[0;39m | &amp#27;[1;33mmain&amp#27;[0;39m | &amp#27;[1;32morg.springframework.boot.web.servlet.context.AnnotationConfigServletWebServerApplicationContext&amp#27;[0;39m | (Jdk14Logger.java:99)- Refreshing org.springframework.boot.web.servlet.context.AnnotationConfigServletWebServerApplicationContext@4fa1c212: startup date [Fri Aug 31 11:27:25 CST 2018]; root of context hierarchy
2018-08-31 11:27:26,715 | &amp#27;[34mINFO &amp#27;[0;39m | &amp#27;[1;33mmain&amp#27;[0;39m | &amp#27;[1;32morg.springframework.boot.web.embedded.tomcat.TomcatWebServer&amp#27;[0;39m | (Jdk14Logger.java:99)- Tomcat initialized with port(s): 0 (http)
2018-08-31 11:27:26,731 | &amp#27;[34mINFO &amp#27;[0;39m | &amp#27;[1;33mmain&amp#27;[0;39m | &amp#27;[1;32morg.apache.coyote.http11.Http11NioProtocol&amp#27;[0;39m | (DirectJDKLog.java:180)- Initializing ProtocolHandler ["http-nio-auto-1"]
2018-08-31 11:27:26,741 | &amp#27;[34mINFO &amp#27;[0;39m | &amp#27;[1;33mmain&amp#27;[0;39m | &amp#27;[1;32morg.apache.catalina.core.StandardService&amp#27;[0;39m | (DirectJDKLog.java:180)- Starting service [Tomcat]
2018-08-31 11:27:26,742 | &amp#27;[34mINFO &amp#27;[0;39m | &amp#27;[1;33mmain&amp#27;[0;39m | &amp#27;[1;32morg.apache.catalina.core.StandardEngine&amp#27;[0;39m | (DirectJDKLog.java:180)- Starting Servlet Engine: Apache Tomcat/8.5.32
2018-08-31 11:27:26,752 | &amp#27;[34mINFO &amp#27;[0;39m | &amp#27;[1;33mlocalhost-startStop-1&amp#27;[0;39m | &amp#27;[1;32morg.apache.catalina.core.AprLifecycleListener&amp#27;[0;39m | (DirectJDKLog.java:180)- The APR based Apache Tomcat Native library which allows optimal performance in production environments was not found on the java.library.path: [D:\Program Files\Java\jdk1.8.0_151\jre\bin;C:\WINDOWS\Sun\Java\bin;C:\WINDOWS\system32;C:\WINDOWS;C:\ProgramData\Oracle\Java\javapath;C:\Program Files (x86)\Intel\iCLS Client\;C:\Program Files\Intel\iCLS Client\;C:\Windows\system32;C:\Windows;C:\Windows\System32\Wbem;C:\Windows\System32\WindowsPowerShell\v1.0\;C:\Program Files (x86)\NVIDIA Corporation\PhysX\Common;C:\Program Files (x86)\Intel\Intel(R) Management Engine Components\DAL;C:\Program Files\Intel\Intel(R) Management Engine Components\DAL;C:\Program Files (x86)\Intel\Intel(R) Management Engine Components\IPT;C:\Program Files\Intel\Intel(R) Management Engine Components\IPT;D:\maven\apache-maven-3.5.4\bin;D:\Program Files\nodejs\;C:\Program Files\MySQL\MySQL Utilities 1.6\;%SystemRoot%\system32;%SystemRoot%;%SystemRoot%\System32\Wbem;%SYSTEMROOT%\System32\WindowsPowerShell\v1.0\;%SYSTEMROOT%\System32\OpenSSH\;C:\Users\lizha\AppData\Local\Microsoft\WindowsApps;C:\Users\lizha\AppData\Local\GitHubDesktop\bin;C:\Users\lizha\AppData\Roaming\npm;%USERPROFILE%\AppData\Local\Microsoft\WindowsApps;;.]
2018-08-31 11:27:26,857 | &amp#27;[34mINFO &amp#27;[0;39m | &amp#27;[1;33mlocalhost-startStop-1&amp#27;[0;39m | &amp#27;[1;32morg.apache.catalina.core.ContainerBase.[Tomcat].[localhost].[/]&amp#27;[0;39m | (DirectJDKLog.java:180)- Initializing Spring embedded WebApplicationContext
2018-08-31 11:27:26,857 | &amp#27;[34mINFO &amp#27;[0;39m | &amp#27;[1;33mlocalhost-startStop-1&amp#27;[0;39m | &amp#27;[1;32morg.springframework.web.context.ContextLoader&amp#27;[0;39m | (Jdk14Logger.java:99)- Root WebApplicationContext: initialization completed in 1680 ms
2018-08-31 11:27:26,928 | &amp#27;[34mINFO &amp#27;[0;39m | &amp#27;[1;33mlocalhost-startStop-1&amp#27;[0;39m | &amp#27;[1;32morg.springframework.boot.web.servlet.ServletRegistrationBean&amp#27;[0;39m | (Jdk14Logger.java:99)- Servlet dispatcherServlet mapped to [/]
2018-08-31 11:27:26,932 | &amp#27;[34mINFO &amp#27;[0;39m | &amp#27;[1;33mlocalhost-startStop-1&amp#27;[0;39m | &amp#27;[1;32morg.springframework.boot.web.servlet.FilterRegistrationBean&amp#27;[0;39m | (Jdk14Logger.java:99)- Mapping filter: 'characterEncodingFilter' to: [/*]
2018-08-31 11:27:26,933 | &amp#27;[34mINFO &amp#27;[0;39m | &amp#27;[1;33mlocalhost-startStop-1&amp#27;[0;39m | &amp#27;[1;32morg.springframework.boot.web.servlet.FilterRegistrationBean&amp#27;[0;39m | (Jdk14Logger.java:99)- Mapping filter: 'hiddenHttpMethodFilter' to: [/*]
2018-08-31 11:27:26,933 | &amp#27;[34mINFO &amp#27;[0;39m | &amp#27;[1;33mlocalhost-startStop-1&amp#27;[0;39m | &amp#27;[1;32morg.springframework.boot.web.servlet.FilterRegistrationBean&amp#27;[0;39m | (Jdk14Logger.java:99)- Mapping filter: 'httpPutFormContentFilter' to: [/*]
2018-08-31 11:27:26,933 | &amp#27;[34mINFO &amp#27;[0;39m | &amp#27;[1;33mlocalhost-startStop-1&amp#27;[0;39m | &amp#27;[1;32morg.springframework.boot.web.servlet.FilterRegistrationBean&amp#27;[0;39m | (Jdk14Logger.java:99)- Mapping filter: 'requestContextFilter' to: [/*]
2018-08-31 11:27:27,264 | &amp#27;[34mINFO &amp#27;[0;39m | &amp#27;[1;33mmain&amp#27;[0;39m | &amp#27;[1;32morg.springframework.web.servlet.handler.SimpleUrlHandlerMapping&amp#27;[0;39m | (Jdk14Logger.java:99)- Mapped URL path [/**/favicon.ico] onto handler of type [class org.springframework.web.servlet.resource.ResourceHttpRequestHandler]
2018-08-31 11:27:27,514 | &amp#27;[34mINFO &amp#27;[0;39m | &amp#27;[1;33mmain&amp#27;[0;39m | &amp#27;[1;32morg.springframework.web.servlet.mvc.method.annotation.RequestMappingHandlerAdapter&amp#27;[0;39m | (Jdk14Logger.java:99)- Looking for @ControllerAdvice: org.springframework.boot.web.servlet.context.AnnotationConfigServletWebServerApplicationContext@4fa1c212: startup date [Fri Aug 31 11:27:25 CST 2018]; root of context hierarchy
2018-08-31 11:27:27,577 | &amp#27;[34mINFO &amp#27;[0;39m | &amp#27;[1;33mmain&amp#27;[0;39m | &amp#27;[1;32morg.springframework.web.servlet.mvc.method.annotation.RequestMappingHandlerMapping&amp#27;[0;39m | (Jdk14Logger.java:99)- Mapped "{[/vehicleDispatch],methods=[POST]}" onto public com.lkmotion.yesincar.dto.ResponseResult com.lkmotion.yesincar.controller.DispatchController.dispatch(com.lkmotion.yesincar.dto.map.request.DispatchRequest)
2018-08-31 11:27:27,580 | &amp#27;[34mINFO &amp#27;[0;39m | &amp#27;[1;33mmain&amp#27;[0;39m | &amp#27;[1;32morg.springframework.web.servlet.mvc.method.annotation.RequestMappingHandlerMapping&amp#27;[0;39m | (Jdk14Logger.java:99)- Mapped "{[/distance],methods=[GET]}" onto public com.lkmotion.yesincar.dto.ResponseResult com.lkmotion.yesincar.controller.DistanceController.distance(com.lkmotion.yesincar.dto.map.request.DistanceRequest)
2018-08-31 11:27:27,584 | &amp#27;[34mINFO &amp#27;[0;39m | &amp#27;[1;33mmain&amp#27;[0;39m | &amp#27;[1;32morg.springframework.web.servlet.mvc.method.annotation.RequestMappingHandlerMapping&amp#27;[0;39m | (Jdk14Logger.java:99)- Mapped "{[/fence/meta],methods=[POST]}" onto public com.lkmotion.yesincar.dto.ResponseResult com.lkmotion.yesincar.controller.FenceController.create(com.lkmotion.yesincar.dto.map.request.FenceRequest)
2018-08-31 11:27:27,585 | &amp#27;[34mINFO &amp#27;[0;39m | &amp#27;[1;33mmain&amp#27;[0;39m | &amp#27;[1;32morg.springframework.web.servlet.mvc.method.annotation.RequestMappingHandlerMapping&amp#27;[0;39m | (Jdk14Logger.java:99)- Mapped "{[/fence/search],methods=[GET]}" onto public com.lkmotion.yesincar.dto.ResponseResult com.lkmotion.yesincar.controller.FenceController.search(com.lkmotion.yesincar.dto.map.request.FenceRequest)
2018-08-31 11:27:27,586 | &amp#27;[34mINFO &amp#27;[0;39m | &amp#27;[1;33mmain&amp#27;[0;39m | &amp#27;[1;32morg.springframework.web.servlet.mvc.method.annotation.RequestMappingHandlerMapping&amp#27;[0;39m | (Jdk14Logger.java:99)- Mapped "{[/fence/isInFence],methods=[GET]}" onto public com.lkmotion.yesincar.dto.ResponseResult com.lkmotion.yesincar.controller.FenceController.isInFence(com.lkmotion.yesincar.dto.map.request.FenceInRequest)
2018-08-31 11:27:27,586 | &amp#27;[34mINFO &amp#27;[0;39m | &amp#27;[1;33mmain&amp#27;[0;39m | &amp#27;[1;32morg.springframework.web.servlet.mvc.method.annotation.RequestMappingHandlerMapping&amp#27;[0;39m | (Jdk14Logger.java:99)- Mapped "{[/fence/searchByGids],methods=[GET]}" onto public com.lkmotion.yesincar.dto.ResponseResult com.lkmotion.yesincar.controller.FenceController.searchByGids(com.lkmotion.yesincar.dto.map.request.FenceRequest)
2018-08-31 11:27:27,587 | &amp#27;[34mINFO &amp#27;[0;39m | &amp#27;[1;33mmain&amp#27;[0;39m | &amp#27;[1;32morg.springframework.web.servlet.mvc.method.annotation.RequestMappingHandlerMapping&amp#27;[0;39m | (Jdk14Logger.java:99)- Mapped "{[/fence/delete/{gid}],methods=[GET]}" onto public com.lkmotion.yesincar.dto.ResponseResult com.lkmotion.yesincar.controller.FenceController.changeStatus(java.lang.String)
2018-08-31 11:27:27,588 | &amp#27;[34mINFO &amp#27;[0;39m | &amp#27;[1;33mmain&amp#27;[0;39m | &amp#27;[1;32morg.springframework.web.servlet.mvc.method.annotation.RequestMappingHandlerMapping&amp#27;[0;39m | (Jdk14Logger.java:99)- Mapped "{[/fence/changeStatus],methods=[POST]}" onto public com.lkmotion.yesincar.dto.ResponseResult com.lkmotion.yesincar.controller.FenceController.changeStatus(com.lkmotion.yesincar.dto.map.request.FenceRequest)
2018-08-31 11:27:27,589 | &amp#27;[34mINFO &amp#27;[0;39m | &amp#27;[1;33mmain&amp#27;[0;39m | &amp#27;[1;32morg.springframework.web.servlet.mvc.method.annotation.RequestMappingHandlerMapping&amp#27;[0;39m | (Jdk14Logger.java:99)- Mapped "{[/order],methods=[POST]}" onto public com.lkmotion.yesincar.dto.ResponseResult com.lkmotion.yesincar.controller.OrderController.order(com.lkmotion.yesincar.dto.map.request.OrderRequest)
2018-08-31 11:27:27,590 | &amp#27;[34mINFO &amp#27;[0;39m | &amp#27;[1;33mmain&amp#27;[0;39m | &amp#27;[1;32morg.springframework.web.servlet.mvc.method.annotation.RequestMappingHandlerMapping&amp#27;[0;39m | (Jdk14Logger.java:99)- Mapped "{[/route/distance],methods=[GET]}" onto public com.lkmotion.yesincar.dto.ResponseResult com.lkmotion.yesincar.controller.RouteController.distance(com.lkmotion.yesincar.dto.map.request.RouteRequest)
2018-08-31 11:27:27,591 | &amp#27;[34mINFO &amp#27;[0;39m | &amp#27;[1;33mmain&amp#27;[0;39m | &amp#27;[1;32morg.springframework.web.servlet.mvc.method.annotation.RequestMappingHandlerMapping&amp#27;[0;39m | (Jdk14Logger.java:99)- Mapped "{[/route/points],methods=[GET]}" onto public com.lkmotion.yesincar.dto.ResponseResult com.lkmotion.yesincar.controller.RouteController.points(com.lkmotion.yesincar.dto.map.request.RouteRequest)
2018-08-31 11:27:27,592 | &amp#27;[34mINFO &amp#27;[0;39m | &amp#27;[1;33mmain&amp#27;[0;39m | &amp#27;[1;32morg.springframework.web.servlet.mvc.method.annotation.RequestMappingHandlerMapping&amp#27;[0;39m | (Jdk14Logger.java:99)- Mapped "{[/test]}" onto public java.lang.String com.lkmotion.yesincar.controller.TestController.test()
2018-08-31 11:27:27,593 | &amp#27;[34mINFO &amp#27;[0;39m | &amp#27;[1;33mmain&amp#27;[0;39m | &amp#27;[1;32morg.springframework.web.servlet.mvc.method.annotation.RequestMappingHandlerMapping&amp#27;[0;39m | (Jdk14Logger.java:99)- Mapped "{[/vehicle],methods=[POST]}" onto public com.lkmotion.yesincar.dto.ResponseResult com.lkmotion.yesincar.controller.VehicleController.vehicle(com.lkmotion.yesincar.dto.map.request.VehicleRequest)
2018-08-31 11:27:27,597 | &amp#27;[34mINFO &amp#27;[0;39m | &amp#27;[1;33mmain&amp#27;[0;39m | &amp#27;[1;32morg.springframework.web.servlet.mvc.method.annotation.RequestMappingHandlerMapping&amp#27;[0;39m | (Jdk14Logger.java:99)- Mapped "{[/error]}" onto public org.springframework.http.ResponseEntity<java.util.Map<java.lang.String, java.lang.Object>> org.springframework.boot.autoconfigure.web.servlet.error.BasicErrorController.error(javax.servlet.http.HttpServletRequest)
2018-08-31 11:27:27,599 | &amp#27;[34mINFO &amp#27;[0;39m | &amp#27;[1;33mmain&amp#27;[0;39m | &amp#27;[1;32morg.springframework.web.servlet.mvc.method.annotation.RequestMappingHandlerMapping&amp#27;[0;39m | (Jdk14Logger.java:99)- Mapped "{[/error],produces=[text/html]}" onto public org.springframework.web.servlet.ModelAndView org.springframework.boot.autoconfigure.web.servlet.error.BasicErrorController.errorHtml(javax.servlet.http.HttpServletRequest,javax.servlet.http.HttpServletResponse)
2018-08-31 11:27:27,658 | &amp#27;[34mINFO &amp#27;[0;39m | &amp#27;[1;33mmain&amp#27;[0;39m | &amp#27;[1;32morg.springframework.web.servlet.handler.SimpleUrlHandlerMapping&amp#27;[0;39m | (Jdk14Logger.java:99)- Mapped URL path [/webjars/**] onto handler of type [class org.springframework.web.servlet.resource.ResourceHttpRequestHandler]
2018-08-31 11:27:27,659 | &amp#27;[34mINFO &amp#27;[0;39m | &amp#27;[1;33mmain&amp#27;[0;39m | &amp#27;[1;32morg.springframework.web.servlet.handler.SimpleUrlHandlerMapping&amp#27;[0;39m | (Jdk14Logger.java:99)- Mapped URL path [/**] onto handler of type [class org.springframework.web.servlet.resource.ResourceHttpRequestHandler]
2018-08-31 11:27:27,677 | &amp#27;[34mINFO &amp#27;[0;39m | &amp#27;[1;33mmain&amp#27;[0;39m | &amp#27;[1;32morg.springframework.web.servlet.mvc.method.annotation.ExceptionHandlerExceptionResolver&amp#27;[0;39m | (Jdk14Logger.java:99)- Detected @ExceptionHandler methods in globalExceptionHandler
2018-08-31 11:27:28,021 | &amp#27;[34mINFO &amp#27;[0;39m | &amp#27;[1;33mmain&amp#27;[0;39m | &amp#27;[1;32morg.springframework.context.support.DefaultLifecycleProcessor&amp#27;[0;39m | (Jdk14Logger.java:99)- Starting beans in phase 2147483647
2018-08-31 11:27:28,026 | &amp#27;[34mINFO &amp#27;[0;39m | &amp#27;[1;33mmain&amp#27;[0;39m | &amp#27;[1;32morg.apache.coyote.http11.Http11NioProtocol&amp#27;[0;39m | (DirectJDKLog.java:180)- Starting ProtocolHandler ["http-nio-auto-1"]
2018-08-31 11:27:28,035 | &amp#27;[34mINFO &amp#27;[0;39m | &amp#27;[1;33mmain&amp#27;[0;39m | &amp#27;[1;32morg.apache.tomcat.util.net.NioSelectorPool&amp#27;[0;39m | (DirectJDKLog.java:180)- Using a shared selector for servlet write/read
2018-08-31 11:27:28,051 | &amp#27;[34mINFO &amp#27;[0;39m | &amp#27;[1;33mmain&amp#27;[0;39m | &amp#27;[1;32morg.springframework.boot.web.embedded.tomcat.TomcatWebServer&amp#27;[0;39m | (Jdk14Logger.java:99)- Tomcat started on port(s): 49816 (http) with context path ''
2018-08-31 11:27:28,056 | &amp#27;[34mINFO &amp#27;[0;39m | &amp#27;[1;33mmain&amp#27;[0;39m | &amp#27;[1;32mcom.lkmotion.yesincar.VehicleMapTest&amp#27;[0;39m | (Jdk14Logger.java:99)- Started VehicleMapTest in 3.24 seconds (JVM running for 4.008)
]]></system-out>
    <system-err><![CDATA[八月 31, 2018 11:27:24 上午 org.springframework.test.context.support.AbstractTestContextBootstrapper buildDefaultMergedContextConfiguration
信息: Neither @ContextConfiguration nor @ContextHierarchy found for test class [com.lkmotion.yesincar.VehicleMapTest], using SpringBootContextLoader
八月 31, 2018 11:27:24 上午 org.springframework.test.context.support.AbstractContextLoader generateDefaultLocations
信息: Could not detect default resource locations for test class [com.lkmotion.yesincar.VehicleMapTest]: no resource found for suffixes {-context.xml, Context.groovy}.
八月 31, 2018 11:27:24 上午 org.springframework.test.context.support.AnnotationConfigContextLoaderUtils detectDefaultConfigurationClasses
信息: Could not detect default configuration classes for test class [com.lkmotion.yesincar.VehicleMapTest]: VehicleMapTest does not declare any static, non-private, non-final, nested classes annotated with @Configuration.
八月 31, 2018 11:27:24 上午 org.springframework.boot.test.context.SpringBootTestContextBootstrapper getOrFindConfigurationClasses
信息: Found @SpringBootConfiguration com.lkmotion.yesincar.MapServiceApplication for test class com.lkmotion.yesincar.VehicleMapTest
八月 31, 2018 11:27:24 上午 org.springframework.test.context.support.AbstractTestContextBootstrapper getDefaultTestExecutionListenerClassNames
信息: Loaded default TestExecutionListener class names from location [META-INF/spring.factories]: [org.springframework.boot.test.mock.mockito.MockitoTestExecutionListener, org.springframework.boot.test.mock.mockito.ResetMocksTestExecutionListener, org.springframework.boot.test.autoconfigure.restdocs.RestDocsTestExecutionListener, org.springframework.boot.test.autoconfigure.web.client.MockRestServiceServerResetTestExecutionListener, org.springframework.boot.test.autoconfigure.web.servlet.MockMvcPrintOnlyOnFailureTestExecutionListener, org.springframework.boot.test.autoconfigure.web.servlet.WebDriverTestExecutionListener, org.springframework.test.context.web.ServletTestExecutionListener, org.springframework.test.context.support.DirtiesContextBeforeModesTestExecutionListener, org.springframework.test.context.support.DependencyInjectionTestExecutionListener, org.springframework.test.context.support.DirtiesContextTestExecutionListener, org.springframework.test.context.transaction.TransactionalTestExecutionListener, org.springframework.test.context.jdbc.SqlScriptsTestExecutionListener]
八月 31, 2018 11:27:24 上午 org.springframework.test.context.support.AbstractTestContextBootstrapper getTestExecutionListeners
信息: Using TestExecutionListeners: [org.springframework.test.context.web.ServletTestExecutionListener@5ffead27, org.springframework.test.context.support.DirtiesContextBeforeModesTestExecutionListener@6356695f, org.springframework.boot.test.mock.mockito.MockitoTestExecutionListener@4f18837a, org.springframework.boot.test.autoconfigure.SpringBootDependencyInjectionTestExecutionListener@359f7cdf, org.springframework.test.context.support.DirtiesContextTestExecutionListener@1fa268de, org.springframework.test.context.transaction.TransactionalTestExecutionListener@4f6ee6e4, org.springframework.test.context.jdbc.SqlScriptsTestExecutionListener@4466af20, org.springframework.boot.test.mock.mockito.ResetMocksTestExecutionListener@a514af7, org.springframework.boot.test.autoconfigure.restdocs.RestDocsTestExecutionListener@6b927fb, org.springframework.boot.test.autoconfigure.web.client.MockRestServiceServerResetTestExecutionListener@3e58a80e, org.springframework.boot.test.autoconfigure.web.servlet.MockMvcPrintOnlyOnFailureTestExecutionListener@4fb61f4a, org.springframework.boot.test.autoconfigure.web.servlet.WebDriverTestExecutionListener@4fb0f2b9]
]]></system-err>
  </testcase>
</testsuite>